<?xml version="1.0" encoding="UTF-8"?>
<testsuite name="Regression Test"
           tests="2"
           failures="0"
           errors="0"
           skipped="0"
           time="3.221">
  <properties />
  
  
            <testcase name="userShouldLoginSuccessfullyWithValidCredentials" time="1.164" classname="com.saucedemo.sw5.testsuite.LoginPageTest" />
                <testcase name="verifyThatSixProductsAreDisplayedOnPage" time="2.057" classname="com.saucedemo.sw5.testsuite.LoginPageTest" />
      
</testsuite>
